0 info it worked if it ends with ok
1 verbose cli [ '/home/ubuntu/.nvm/versions/node/v6.11.2/bin/node',
1 verbose cli   '/home/ubuntu/.nvm/versions/node/v6.11.2/bin/npm',
1 verbose cli   'run',
1 verbose cli   'test-uefa-country-rankings' ]
2 info using npm@3.10.10
3 info using node@v6.11.2
4 verbose run-script [ 'pretest-uefa-country-rankings',
4 verbose run-script   'test-uefa-country-rankings',
4 verbose run-script   'posttest-uefa-country-rankings' ]
5 info lifecycle sos1819-06@0.1.0~pretest-uefa-country-rankings: sos1819-06@0.1.0
6 silly lifecycle sos1819-06@0.1.0~pretest-uefa-country-rankings: no script for pretest-uefa-country-rankings, continuing
7 info lifecycle sos1819-06@0.1.0~test-uefa-country-rankings: sos1819-06@0.1.0
8 verbose lifecycle sos1819-06@0.1.0~test-uefa-country-rankings: unsafe-perm in lifecycle true
9 verbose lifecycle sos1819-06@0.1.0~test-uefa-country-rankings: PATH: /home/ubuntu/.nvm/versions/node/v6.11.2/lib/node_modules/npm/bin/node-gyp-bin:/home/ubuntu/workspace/SOS1819-06/node_modules/.bin:/home/ubuntu/.nvm/versions/node/v6.11.2/bin:/usr/local/rvm/gems/ruby-2.4.0/bin:/usr/local/rvm/gems/ruby-2.4.0@global/bin:/usr/local/rvm/rubies/ruby-2.4.0/bin:/mnt/shared/bin:/home/ubuntu/workspace/node_modules/.bin:/home/ubuntu/bin:/usr/local/sbin:/usr/local/bin:/usr/sbin:/usr/bin:/sbin:/bin:/mnt/shared/sbin:/opt/gitl:/opt/go/bin:/mnt/shared/c9/app.nw/bin:/usr/local/rvm/bin
10 verbose lifecycle sos1819-06@0.1.0~test-uefa-country-rankings: CWD: /home/ubuntu/workspace/SOS1819-06
11 silly lifecycle sos1819-06@0.1.0~test-uefa-country-rankings: Args: [ '-c',
11 silly lifecycle   'newman run https://www.getpostman.com/collections/cc70efe11342a8e14600' ]
12 silly lifecycle sos1819-06@0.1.0~test-uefa-country-rankings: Returned: code: 1  signal: null
13 info lifecycle sos1819-06@0.1.0~test-uefa-country-rankings: Failed to exec test-uefa-country-rankings script
14 verbose stack Error: sos1819-06@0.1.0 test-uefa-country-rankings: `newman run https://www.getpostman.com/collections/cc70efe11342a8e14600`
14 verbose stack Exit status 1
14 verbose stack     at EventEmitter.<anonymous> (/home/ubuntu/.nvm/versions/node/v6.11.2/lib/node_modules/npm/lib/utils/lifecycle.js:255:16)
14 verbose stack     at emitTwo (events.js:106:13)
14 verbose stack     at EventEmitter.emit (events.js:191:7)
14 verbose stack     at ChildProcess.<anonymous> (/home/ubuntu/.nvm/versions/node/v6.11.2/lib/node_modules/npm/lib/utils/spawn.js:40:14)
14 verbose stack     at emitTwo (events.js:106:13)
14 verbose stack     at ChildProcess.emit (events.js:191:7)
14 verbose stack     at maybeClose (internal/child_process.js:891:16)
14 verbose stack     at Process.ChildProcess._handle.onexit (internal/child_process.js:226:5)
15 verbose pkgid sos1819-06@0.1.0
16 verbose cwd /home/ubuntu/workspace/SOS1819-06
17 error Linux 4.9.120-c9
18 error argv "/home/ubuntu/.nvm/versions/node/v6.11.2/bin/node" "/home/ubuntu/.nvm/versions/node/v6.11.2/bin/npm" "run" "test-uefa-country-rankings"
19 error node v6.11.2
20 error npm  v3.10.10
21 error code ELIFECYCLE
22 error sos1819-06@0.1.0 test-uefa-country-rankings: `newman run https://www.getpostman.com/collections/cc70efe11342a8e14600`
22 error Exit status 1
23 error Failed at the sos1819-06@0.1.0 test-uefa-country-rankings script 'newman run https://www.getpostman.com/collections/cc70efe11342a8e14600'.
23 error Make sure you have the latest version of node.js and npm installed.
23 error If you do, this is most likely a problem with the sos1819-06 package,
23 error not with npm itself.
23 error Tell the author that this fails on your system:
23 error     newman run https://www.getpostman.com/collections/cc70efe11342a8e14600
23 error You can get information on how to open an issue for this project with:
23 error     npm bugs sos1819-06
23 error Or if that isn't available, you can get their info via:
23 error     npm owner ls sos1819-06
23 error There is likely additional logging output above.
24 verbose exit [ 1, true ]
